f:\计算数学\cavityscatteringlibrary\x64\release\cavityscatteringalgorithm.lib
f:\计算数学\cavityscatteringlibrary\x64\release\cavityscatteringalgorithm.exp
f:\计算数学\cavityscatteringlibrary\cavityscatteringalgorithm\x64\release\vc140.pdb
f:\计算数学\cavityscatteringlibrary\cavityscatteringalgorithm\x64\release\singalrectanglecavity.obj
f:\计算数学\cavityscatteringlibrary\cavityscatteringalgorithm\x64\release\singalcavity.obj
f:\计算数学\cavityscatteringlibrary\cavityscatteringalgorithm\x64\release\inhomogeneousthreerectanglecirclecavity.obj
f:\计算数学\cavityscatteringlibrary\cavityscatteringalgorithm\x64\release\inhomogeneousthreerectanglecavity.obj
f:\计算数学\cavityscatteringlibrary\cavityscatteringalgorithm\x64\release\inhomogeneousthreecavity.obj
f:\计算数学\cavityscatteringlibrary\cavityscatteringalgorithm\x64\release\inhomogeneoussingalrectanglecavityaamm2.obj
f:\计算数学\cavityscatteringlibrary\cavityscatteringalgorithm\x64\release\inhomogeneoussingalrectanglecavity.obj
f:\计算数学\cavityscatteringlibrary\cavityscatteringalgorithm\x64\release\inhomogeneoussingalcirclecavity.obj
f:\计算数学\cavityscatteringlibrary\cavityscatteringalgorithm\x64\release\inhomogeneoussingalcavity.obj
f:\计算数学\cavityscatteringlibrary\cavityscatteringalgorithm\x64\release\inhomogeneoussigalrectanglecavityaamm1.obj
f:\计算数学\cavityscatteringlibrary\cavityscatteringalgorithm\x64\release\cavity.obj
f:\计算数学\cavityscatteringlibrary\cavityscatteringalgorithm\x64\release\apertureintegral.obj
f:\计算数学\cavityscatteringlibrary\x64\release\cavityscatteringalgorithm.dll
f:\计算数学\cavityscatteringlibrary\x64\release\cavityscatteringalgorithm.ipdb
f:\计算数学\cavityscatteringlibrary\x64\release\cavityscatteringalgorithm.iobj
f:\计算数学\cavityscatteringlibrary\x64\release\cavityscatteringalgorithm.pdb
f:\计算数学\cavityscatteringlibrary\cavityscatteringalgorithm\x64\release\cavitysc.01a6e08e.tlog\cavityscatteringalgorithm.write.1u.tlog
f:\计算数学\cavityscatteringlibrary\cavityscatteringalgorithm\x64\release\cavitysc.01a6e08e.tlog\cl.command.1.tlog
f:\计算数学\cavityscatteringlibrary\cavityscatteringalgorithm\x64\release\cavitysc.01a6e08e.tlog\cl.read.1.tlog
f:\计算数学\cavityscatteringlibrary\cavityscatteringalgorithm\x64\release\cavitysc.01a6e08e.tlog\cl.write.1.tlog
f:\计算数学\cavityscatteringlibrary\cavityscatteringalgorithm\x64\release\cavitysc.01a6e08e.tlog\link.command.1.tlog
f:\计算数学\cavityscatteringlibrary\cavityscatteringalgorithm\x64\release\cavitysc.01a6e08e.tlog\link.read.1.tlog
f:\计算数学\cavityscatteringlibrary\cavityscatteringalgorithm\x64\release\cavitysc.01a6e08e.tlog\link.write.1.tlog
