f:\计算数学\cavityscatteringalgorithm\x64\debug\cavityscatteringalgorithm.lib
f:\计算数学\cavityscatteringalgorithm\x64\debug\cavityscatteringalgorithm.exp
f:\计算数学\cavityscatteringalgorithm\cavityscatteringalgorithm\x64\debug\vc140.pdb
f:\计算数学\cavityscatteringalgorithm\cavityscatteringalgorithm\x64\debug\vc140.idb
f:\计算数学\cavityscatteringalgorithm\cavityscatteringalgorithm\x64\debug\apertureintegral.obj
f:\计算数学\cavityscatteringalgorithm\cavityscatteringalgorithm\x64\debug\cavity.obj
f:\计算数学\cavityscatteringalgorithm\cavityscatteringalgorithm\x64\debug\inhomogeneoussigalrectanglecavityaamm1.obj
f:\计算数学\cavityscatteringalgorithm\cavityscatteringalgorithm\x64\debug\inhomogeneoussingalcavity.obj
f:\计算数学\cavityscatteringalgorithm\cavityscatteringalgorithm\x64\debug\inhomogeneoussingalcirclecavity.obj
f:\计算数学\cavityscatteringalgorithm\cavityscatteringalgorithm\x64\debug\inhomogeneoussingalrectanglecavity.obj
f:\计算数学\cavityscatteringalgorithm\cavityscatteringalgorithm\x64\debug\inhomogeneoussingalrectanglecavityaamm2.obj
f:\计算数学\cavityscatteringalgorithm\cavityscatteringalgorithm\x64\debug\inhomogeneousthreecavity.obj
f:\计算数学\cavityscatteringalgorithm\cavityscatteringalgorithm\x64\debug\inhomogeneousthreerectanglecavity.obj
f:\计算数学\cavityscatteringalgorithm\cavityscatteringalgorithm\x64\debug\inhomogeneousthreerectanglecirclecavity.obj
f:\计算数学\cavityscatteringalgorithm\cavityscatteringalgorithm\x64\debug\singalcavity.obj
f:\计算数学\cavityscatteringalgorithm\cavityscatteringalgorithm\x64\debug\singalrectanglecavity.obj
f:\计算数学\cavityscatteringalgorithm\x64\debug\cavityscatteringalgorithm.ilk
f:\计算数学\cavityscatteringalgorithm\x64\debug\cavityscatteringalgorithm.dll
f:\计算数学\cavityscatteringalgorithm\x64\debug\cavityscatteringalgorithm.pdb
f:\计算数学\cavityscatteringlibrary\cavityscatteringalgorithm\x64\debug\apertureintegral.obj
f:\计算数学\cavityscatteringlibrary\cavityscatteringalgorithm\x64\debug\cavity.obj
f:\计算数学\cavityscatteringlibrary\cavityscatteringalgorithm\x64\debug\inhomogeneoussigalrectanglecavityaamm1.obj
f:\计算数学\cavityscatteringlibrary\cavityscatteringalgorithm\x64\debug\inhomogeneoussingalcavity.obj
f:\计算数学\cavityscatteringlibrary\cavityscatteringalgorithm\x64\debug\inhomogeneoussingalcirclecavity.obj
f:\计算数学\cavityscatteringlibrary\cavityscatteringalgorithm\x64\debug\inhomogeneoussingalrectanglecavity.obj
f:\计算数学\cavityscatteringlibrary\cavityscatteringalgorithm\x64\debug\inhomogeneoussingalrectanglecavityaamm2.obj
f:\计算数学\cavityscatteringlibrary\cavityscatteringalgorithm\x64\debug\inhomogeneousthreecavity.obj
f:\计算数学\cavityscatteringlibrary\cavityscatteringalgorithm\x64\debug\inhomogeneousthreerectanglecavity.obj
f:\计算数学\cavityscatteringlibrary\cavityscatteringalgorithm\x64\debug\inhomogeneousthreerectanglecirclecavity.obj
f:\计算数学\cavityscatteringlibrary\cavityscatteringalgorithm\x64\debug\singalcavity.obj
f:\计算数学\cavityscatteringlibrary\cavityscatteringalgorithm\x64\debug\singalrectanglecavity.obj
f:\计算数学\cavityscatteringlibrary\cavityscatteringalgorithm\x64\debug\vc140.idb
f:\计算数学\cavityscatteringlibrary\cavityscatteringalgorithm\x64\debug\vc140.pdb
f:\计算数学\cavityscatteringlibrary\x64\debug\cavityscatteringalgorithm.pdb
f:\计算数学\cavityscatteringlibrary\x64\debug\cavityscatteringalgorithm.dll
f:\计算数学\cavityscatteringlibrary\x64\debug\cavityscatteringalgorithm.ilk
f:\计算数学\cavityscatteringlibrary\cavityscatteringalgorithm\x64\debug\cavitysc.01a6e08e.tlog\cavityscatteringalgorithm.write.1u.tlog
f:\计算数学\cavityscatteringlibrary\cavityscatteringalgorithm\x64\debug\cavitysc.01a6e08e.tlog\cl.command.1.tlog
f:\计算数学\cavityscatteringlibrary\cavityscatteringalgorithm\x64\debug\cavitysc.01a6e08e.tlog\cl.read.1.tlog
f:\计算数学\cavityscatteringlibrary\cavityscatteringalgorithm\x64\debug\cavitysc.01a6e08e.tlog\cl.write.1.tlog
f:\计算数学\cavityscatteringlibrary\cavityscatteringalgorithm\x64\debug\cavitysc.01a6e08e.tlog\link.command.1.tlog
f:\计算数学\cavityscatteringlibrary\cavityscatteringalgorithm\x64\debug\cavitysc.01a6e08e.tlog\link.read.1.tlog
f:\计算数学\cavityscatteringlibrary\cavityscatteringalgorithm\x64\debug\cavitysc.01a6e08e.tlog\link.write.1.tlog
