  SingalRectangleCavity.cpp
f:\计算数学\cavityscatteringlibrary\cavityscatteringalgorithm\cavity.h(39): warning C4251: “Cavity::nu”: class“std::vector<int,std::allocator<_Ty>>”需要有 dll 接口由 class“Cavity”的客户端使用
          with
          [
              _Ty=int
          ]
  f:\计算数学\cavityscatteringlibrary\cavityscatteringalgorithm\cavity.h(39): note: 参见“std::vector<int,std::allocator<_Ty>>”的声明
          with
          [
              _Ty=int
          ]
f:\计算数学\cavityscatteringlibrary\cavityscatteringalgorithm\cavity.h(40): warning C4251: “Cavity::nbound”: class“std::vector<std::vector<double,std::allocator<_Ty>>,std::allocator<std::vector<_Ty,std::allocator<_Ty>>>>”需要有 dll 接口由 class“Cavity”的客户端使用
          with
          [
              _Ty=double
          ]
  f:\计算数学\cavityscatteringlibrary\cavityscatteringalgorithm\cavity.h(40): note: 参见“std::vector<std::vector<double,std::allocator<_Ty>>,std::allocator<std::vector<_Ty,std::allocator<_Ty>>>>”的声明
          with
          [
              _Ty=double
          ]
f:\计算数学\cavityscatteringlibrary\cavityscatteringalgorithm\cavity.h(43): warning C4251: “Cavity::solutionOfAperture”: class“Eigen::Matrix<std::complex<double>,-1,1,0,-1,1>”需要有 dll 接口由 class“Cavity”的客户端使用
  f:\c-library\eigen\eigen\src\core\matrix.h(453): note: 参见“Eigen::Matrix<std::complex<double>,-1,1,0,-1,1>”的声明
f:\计算数学\cavityscatteringlibrary\cavityscatteringalgorithm\singalcavity.h(18): warning C4251: “SingalCavity::epr”: class“std::complex<double>”需要有 dll 接口由 class“SingalCavity”的客户端使用
  c:\program files (x86)\microsoft visual studio 14.0\vc\include\complex(846): note: 参见“std::complex<double>”的声明
f:\计算数学\cavityscatteringlibrary\cavityscatteringalgorithm\singalcavity.h(19): warning C4251: “SingalCavity::k2”: class“std::complex<double>”需要有 dll 接口由 class“SingalCavity”的客户端使用
  c:\program files (x86)\microsoft visual studio 14.0\vc\include\complex(846): note: 参见“std::complex<double>”的声明
f:\计算数学\cavityscatteringlibrary\cavityscatteringalgorithm\singalcavity.h(24): warning C4251: “SingalCavity::G_aperture”: class“Eigen::Matrix<std::complex<double>,-1,-1,0,-1,-1>”需要有 dll 接口由 class“SingalCavity”的客户端使用
  f:\c-library\eigen\eigen\src\core\matrix.h(453): note: 参见“Eigen::Matrix<std::complex<double>,-1,-1,0,-1,-1>”的声明
f:\计算数学\cavityscatteringlibrary\cavityscatteringalgorithm\singalcavity.h(25): warning C4251: “SingalCavity::g_aperture”: class“Eigen::Matrix<std::complex<double>,-1,1,0,-1,1>”需要有 dll 接口由 class“SingalCavity”的客户端使用
  f:\c-library\eigen\eigen\src\core\matrix.h(453): note: 参见“Eigen::Matrix<std::complex<double>,-1,1,0,-1,1>”的声明
  SingalCavity.cpp
f:\计算数学\cavityscatteringlibrary\cavityscatteringalgorithm\cavity.h(39): warning C4251: “Cavity::nu”: class“std::vector<int,std::allocator<_Ty>>”需要有 dll 接口由 class“Cavity”的客户端使用
          with
          [
              _Ty=int
          ]
  f:\计算数学\cavityscatteringlibrary\cavityscatteringalgorithm\cavity.h(39): note: 参见“std::vector<int,std::allocator<_Ty>>”的声明
          with
          [
              _Ty=int
          ]
f:\计算数学\cavityscatteringlibrary\cavityscatteringalgorithm\cavity.h(40): warning C4251: “Cavity::nbound”: class“std::vector<std::vector<double,std::allocator<_Ty>>,std::allocator<std::vector<_Ty,std::allocator<_Ty>>>>”需要有 dll 接口由 class“Cavity”的客户端使用
          with
          [
              _Ty=double
          ]
  f:\计算数学\cavityscatteringlibrary\cavityscatteringalgorithm\cavity.h(40): note: 参见“std::vector<std::vector<double,std::allocator<_Ty>>,std::allocator<std::vector<_Ty,std::allocator<_Ty>>>>”的声明
          with
          [
              _Ty=double
          ]
f:\计算数学\cavityscatteringlibrary\cavityscatteringalgorithm\cavity.h(43): warning C4251: “Cavity::solutionOfAperture”: class“Eigen::Matrix<std::complex<double>,-1,1,0,-1,1>”需要有 dll 接口由 class“Cavity”的客户端使用
  f:\c-library\eigen\eigen\src\core\matrix.h(453): note: 参见“Eigen::Matrix<std::complex<double>,-1,1,0,-1,1>”的声明
f:\计算数学\cavityscatteringlibrary\cavityscatteringalgorithm\singalcavity.h(18): warning C4251: “SingalCavity::epr”: class“std::complex<double>”需要有 dll 接口由 class“SingalCavity”的客户端使用
  c:\program files (x86)\microsoft visual studio 14.0\vc\include\complex(846): note: 参见“std::complex<double>”的声明
f:\计算数学\cavityscatteringlibrary\cavityscatteringalgorithm\singalcavity.h(19): warning C4251: “SingalCavity::k2”: class“std::complex<double>”需要有 dll 接口由 class“SingalCavity”的客户端使用
  c:\program files (x86)\microsoft visual studio 14.0\vc\include\complex(846): note: 参见“std::complex<double>”的声明
f:\计算数学\cavityscatteringlibrary\cavityscatteringalgorithm\singalcavity.h(24): warning C4251: “SingalCavity::G_aperture”: class“Eigen::Matrix<std::complex<double>,-1,-1,0,-1,-1>”需要有 dll 接口由 class“SingalCavity”的客户端使用
  f:\c-library\eigen\eigen\src\core\matrix.h(453): note: 参见“Eigen::Matrix<std::complex<double>,-1,-1,0,-1,-1>”的声明
f:\计算数学\cavityscatteringlibrary\cavityscatteringalgorithm\singalcavity.h(25): warning C4251: “SingalCavity::g_aperture”: class“Eigen::Matrix<std::complex<double>,-1,1,0,-1,1>”需要有 dll 接口由 class“SingalCavity”的客户端使用
  f:\c-library\eigen\eigen\src\core\matrix.h(453): note: 参见“Eigen::Matrix<std::complex<double>,-1,1,0,-1,1>”的声明
f:\计算数学\cavityscatteringlibrary\cavityscatteringalgorithm\singalcavity.cpp(59): warning C4267: “参数”: 从“size_t”转换到“int”，可能丢失数据
f:\计算数学\cavityscatteringlibrary\cavityscatteringalgorithm\singalcavity.cpp(578): warning C4244: “初始化”: 从“Eigen::EigenBase<Derived>::Index”转换到“int”，可能丢失数据
          with
          [
              Derived=Eigen::Matrix<std::complex<double>,-1,-1,0,-1,-1>
          ]
f:\计算数学\cavityscatteringlibrary\cavityscatteringalgorithm\singalcavity.cpp(645): warning C4267: “初始化”: 从“size_t”转换到“int”，可能丢失数据
f:\计算数学\cavityscatteringlibrary\cavityscatteringalgorithm\singalcavity.cpp(712): warning C4267: “初始化”: 从“size_t”转换到“int”，可能丢失数据
f:\计算数学\cavityscatteringlibrary\cavityscatteringalgorithm\singalcavity.cpp(776): warning C4244: “初始化”: 从“double”转换到“int”，可能丢失数据
f:\计算数学\cavityscatteringlibrary\cavityscatteringalgorithm\singalcavity.cpp(777): warning C4244: “初始化”: 从“double”转换到“int”，可能丢失数据
f:\计算数学\cavityscatteringlibrary\cavityscatteringalgorithm\singalcavity.cpp(778): warning C4244: “初始化”: 从“double”转换到“int”，可能丢失数据
f:\计算数学\cavityscatteringlibrary\cavityscatteringalgorithm\singalcavity.cpp(1053): warning C4267: “初始化”: 从“size_t”转换到“int”，可能丢失数据
f:\计算数学\cavityscatteringlibrary\cavityscatteringalgorithm\singalcavity.cpp(1084): warning C4267: “初始化”: 从“size_t”转换到“int”，可能丢失数据
f:\计算数学\cavityscatteringlibrary\cavityscatteringalgorithm\singalcavity.cpp(1104): warning C4267: “初始化”: 从“size_t”转换到“int”，可能丢失数据
f:\计算数学\cavityscatteringlibrary\cavityscatteringalgorithm\singalcavity.cpp(1107): warning C4244: “参数”: 从“double”转换到“std::size_t”，可能丢失数据
f:\计算数学\cavityscatteringlibrary\cavityscatteringalgorithm\singalcavity.cpp(1221): warning C4244: “初始化”: 从“__int64”转换到“int”，可能丢失数据
f:\计算数学\cavityscatteringlibrary\cavityscatteringalgorithm\singalcavity.cpp(1227): warning C4244: “参数”: 从“double”转换到“int”，可能丢失数据
f:\计算数学\cavityscatteringlibrary\cavityscatteringalgorithm\singalcavity.cpp(1117): warning C4101: “y”: 未引用的局部变量
f:\计算数学\cavityscatteringlibrary\cavityscatteringalgorithm\singalcavity.cpp(1117): warning C4101: “x”: 未引用的局部变量
f:\计算数学\cavityscatteringlibrary\cavityscatteringalgorithm\singalcavity.cpp(1269): warning C4101: “id”: 未引用的局部变量
f:\计算数学\cavityscatteringlibrary\cavityscatteringalgorithm\singalcavity.cpp(1471): warning C4267: “初始化”: 从“size_t”转换到“int”，可能丢失数据
f:\计算数学\cavityscatteringlibrary\cavityscatteringalgorithm\singalcavity.cpp(1495): warning C4244: “初始化”: 从“Eigen::EigenBase<Derived>::Index”转换到“int”，可能丢失数据
          with
          [
              Derived=Eigen::Matrix<std::complex<double>,-1,1,0,-1,1>
          ]
  InhomogeneousThreeRectangleCircleCavity.cpp
f:\计算数学\cavityscatteringlibrary\cavityscatteringalgorithm\cavity.h(39): warning C4251: “Cavity::nu”: class“std::vector<int,std::allocator<_Ty>>”需要有 dll 接口由 class“Cavity”的客户端使用
          with
          [
              _Ty=int
          ]
  f:\计算数学\cavityscatteringlibrary\cavityscatteringalgorithm\cavity.h(39): note: 参见“std::vector<int,std::allocator<_Ty>>”的声明
          with
          [
              _Ty=int
          ]
f:\计算数学\cavityscatteringlibrary\cavityscatteringalgorithm\cavity.h(40): warning C4251: “Cavity::nbound”: class“std::vector<std::vector<double,std::allocator<_Ty>>,std::allocator<std::vector<_Ty,std::allocator<_Ty>>>>”需要有 dll 接口由 class“Cavity”的客户端使用
          with
          [
              _Ty=double
          ]
  f:\计算数学\cavityscatteringlibrary\cavityscatteringalgorithm\cavity.h(40): note: 参见“std::vector<std::vector<double,std::allocator<_Ty>>,std::allocator<std::vector<_Ty,std::allocator<_Ty>>>>”的声明
          with
          [
              _Ty=double
          ]
f:\计算数学\cavityscatteringlibrary\cavityscatteringalgorithm\cavity.h(43): warning C4251: “Cavity::solutionOfAperture”: class“Eigen::Matrix<std::complex<double>,-1,1,0,-1,1>”需要有 dll 接口由 class“Cavity”的客户端使用
  f:\c-library\eigen\eigen\src\core\matrix.h(453): note: 参见“Eigen::Matrix<std::complex<double>,-1,1,0,-1,1>”的声明
f:\计算数学\cavityscatteringlibrary\cavityscatteringalgorithm\inhomogeneousthreecavity.h(18): warning C4251: “InhomogeneousThreeCavity::epr1”: class“std::complex<double>”需要有 dll 接口由 class“InhomogeneousThreeCavity”的客户端使用
  c:\program files (x86)\microsoft visual studio 14.0\vc\include\complex(846): note: 参见“std::complex<double>”的声明
f:\计算数学\cavityscatteringlibrary\cavityscatteringalgorithm\inhomogeneousthreecavity.h(18): warning C4251: “InhomogeneousThreeCavity::epr1_int”: class“std::complex<double>”需要有 dll 接口由 class“InhomogeneousThreeCavity”的客户端使用
  c:\program files (x86)\microsoft visual studio 14.0\vc\include\complex(846): note: 参见“std::complex<double>”的声明
f:\计算数学\cavityscatteringlibrary\cavityscatteringalgorithm\inhomogeneousthreecavity.h(19): warning C4251: “InhomogeneousThreeCavity::epr2”: class“std::complex<double>”需要有 dll 接口由 class“InhomogeneousThreeCavity”的客户端使用
  c:\program files (x86)\microsoft visual studio 14.0\vc\include\complex(846): note: 参见“std::complex<double>”的声明
f:\计算数学\cavityscatteringlibrary\cavityscatteringalgorithm\inhomogeneousthreecavity.h(19): warning C4251: “InhomogeneousThreeCavity::epr2_int”: class“std::complex<double>”需要有 dll 接口由 class“InhomogeneousThreeCavity”的客户端使用
  c:\program files (x86)\microsoft visual studio 14.0\vc\include\complex(846): note: 参见“std::complex<double>”的声明
f:\计算数学\cavityscatteringlibrary\cavityscatteringalgorithm\inhomogeneousthreecavity.h(20): warning C4251: “InhomogeneousThreeCavity::epr3”: class“std::complex<double>”需要有 dll 接口由 class“InhomogeneousThreeCavity”的客户端使用
  c:\program files (x86)\microsoft visual studio 14.0\vc\include\complex(846): note: 参见“std::complex<double>”的声明
f:\计算数学\cavityscatteringlibrary\cavityscatteringalgorithm\inhomogeneousthreecavity.h(20): warning C4251: “InhomogeneousThreeCavity::epr3_int”: class“std::complex<double>”需要有 dll 接口由 class“InhomogeneousThreeCavity”的客户端使用
  c:\program files (x86)\microsoft visual studio 14.0\vc\include\complex(846): note: 参见“std::complex<double>”的声明
f:\计算数学\cavityscatteringlibrary\cavityscatteringalgorithm\inhomogeneousthreecavity.h(21): warning C4251: “InhomogeneousThreeCavity::k1_2”: class“std::complex<double>”需要有 dll 接口由 class“InhomogeneousThreeCavity”的客户端使用
  c:\program files (x86)\microsoft visual studio 14.0\vc\include\complex(846): note: 参见“std::complex<double>”的声明
f:\计算数学\cavityscatteringlibrary\cavityscatteringalgorithm\inhomogeneousthreecavity.h(21): warning C4251: “InhomogeneousThreeCavity::k1_2int”: class“std::complex<double>”需要有 dll 接口由 class“InhomogeneousThreeCavity”的客户端使用
  c:\program files (x86)\microsoft visual studio 14.0\vc\include\complex(846): note: 参见“std::complex<double>”的声明
f:\计算数学\cavityscatteringlibrary\cavityscatteringalgorithm\inhomogeneousthreecavity.h(22): warning C4251: “InhomogeneousThreeCavity::k2_2”: class“std::complex<double>”需要有 dll 接口由 class“InhomogeneousThreeCavity”的客户端使用
  c:\program files (x86)\microsoft visual studio 14.0\vc\include\complex(846): note: 参见“std::complex<double>”的声明
f:\计算数学\cavityscatteringlibrary\cavityscatteringalgorithm\inhomogeneousthreecavity.h(22): warning C4251: “InhomogeneousThreeCavity::k2_2int”: class“std::complex<double>”需要有 dll 接口由 class“InhomogeneousThreeCavity”的客户端使用
  c:\program files (x86)\microsoft visual studio 14.0\vc\include\complex(846): note: 参见“std::complex<double>”的声明
f:\计算数学\cavityscatteringlibrary\cavityscatteringalgorithm\inhomogeneousthreecavity.h(23): warning C4251: “InhomogeneousThreeCavity::k3_2”: class“std::complex<double>”需要有 dll 接口由 class“InhomogeneousThreeCavity”的客户端使用
  c:\program files (x86)\microsoft visual studio 14.0\vc\include\complex(846): note: 参见“std::complex<double>”的声明
f:\计算数学\cavityscatteringlibrary\cavityscatteringalgorithm\inhomogeneousthreecavity.h(23): warning C4251: “InhomogeneousThreeCavity::k3_2int”: class“std::complex<double>”需要有 dll 接口由 class“InhomogeneousThreeCavity”的客户端使用
  c:\program files (x86)\microsoft visual studio 14.0\vc\include\complex(846): note: 参见“std::complex<double>”的声明
f:\计算数学\cavityscatteringlibrary\cavityscatteringalgorithm\inhomogeneousthreecavity.h(40): warning C4251: “InhomogeneousThreeCavity::G1_aperture”: class“Eigen::Matrix<std::complex<double>,-1,-1,0,-1,-1>”需要有 dll 接口由 class“InhomogeneousThreeCavity”的客户端使用
  f:\c-library\eigen\eigen\src\core\matrix.h(453): note: 参见“Eigen::Matrix<std::complex<double>,-1,-1,0,-1,-1>”的声明
f:\计算数学\cavityscatteringlibrary\cavityscatteringalgorithm\inhomogeneousthreecavity.h(41): warning C4251: “InhomogeneousThreeCavity::G2_aperture”: class“Eigen::Matrix<std::complex<double>,-1,-1,0,-1,-1>”需要有 dll 接口由 class“InhomogeneousThreeCavity”的客户端使用
  f:\c-library\eigen\eigen\src\core\matrix.h(453): note: 参见“Eigen::Matrix<std::complex<double>,-1,-1,0,-1,-1>”的声明
f:\计算数学\cavityscatteringlibrary\cavityscatteringalgorithm\inhomogeneousthreecavity.h(42): warning C4251: “InhomogeneousThreeCavity::G3_aperture”: class“Eigen::Matrix<std::complex<double>,-1,-1,0,-1,-1>”需要有 dll 接口由 class“InhomogeneousThreeCavity”的客户端使用
  f:\c-library\eigen\eigen\src\core\matrix.h(453): note: 参见“Eigen::Matrix<std::complex<double>,-1,-1,0,-1,-1>”的声明
f:\计算数学\cavityscatteringlibrary\cavityscatteringalgorithm\inhomogeneousthreecavity.h(43): warning C4251: “InhomogeneousThreeCavity::g_aperture”: class“Eigen::Matrix<std::complex<double>,-1,1,0,-1,1>”需要有 dll 接口由 class“InhomogeneousThreeCavity”的客户端使用
  f:\c-library\eigen\eigen\src\core\matrix.h(453): note: 参见“Eigen::Matrix<std::complex<double>,-1,1,0,-1,1>”的声明
  InhomogeneousThreeRectangleCavity.cpp
f:\计算数学\cavityscatteringlibrary\cavityscatteringalgorithm\cavity.h(39): warning C4251: “Cavity::nu”: class“std::vector<int,std::allocator<_Ty>>”需要有 dll 接口由 class“Cavity”的客户端使用
          with
          [
              _Ty=int
          ]
  f:\计算数学\cavityscatteringlibrary\cavityscatteringalgorithm\cavity.h(39): note: 参见“std::vector<int,std::allocator<_Ty>>”的声明
          with
          [
              _Ty=int
          ]
f:\计算数学\cavityscatteringlibrary\cavityscatteringalgorithm\cavity.h(40): warning C4251: “Cavity::nbound”: class“std::vector<std::vector<double,std::allocator<_Ty>>,std::allocator<std::vector<_Ty,std::allocator<_Ty>>>>”需要有 dll 接口由 class“Cavity”的客户端使用
          with
          [
              _Ty=double
          ]
  f:\计算数学\cavityscatteringlibrary\cavityscatteringalgorithm\cavity.h(40): note: 参见“std::vector<std::vector<double,std::allocator<_Ty>>,std::allocator<std::vector<_Ty,std::allocator<_Ty>>>>”的声明
          with
          [
              _Ty=double
          ]
f:\计算数学\cavityscatteringlibrary\cavityscatteringalgorithm\cavity.h(43): warning C4251: “Cavity::solutionOfAperture”: class“Eigen::Matrix<std::complex<double>,-1,1,0,-1,1>”需要有 dll 接口由 class“Cavity”的客户端使用
  f:\c-library\eigen\eigen\src\core\matrix.h(453): note: 参见“Eigen::Matrix<std::complex<double>,-1,1,0,-1,1>”的声明
f:\计算数学\cavityscatteringlibrary\cavityscatteringalgorithm\inhomogeneousthreecavity.h(18): warning C4251: “InhomogeneousThreeCavity::epr1”: class“std::complex<double>”需要有 dll 接口由 class“InhomogeneousThreeCavity”的客户端使用
  c:\program files (x86)\microsoft visual studio 14.0\vc\include\complex(846): note: 参见“std::complex<double>”的声明
f:\计算数学\cavityscatteringlibrary\cavityscatteringalgorithm\inhomogeneousthreecavity.h(18): warning C4251: “InhomogeneousThreeCavity::epr1_int”: class“std::complex<double>”需要有 dll 接口由 class“InhomogeneousThreeCavity”的客户端使用
  c:\program files (x86)\microsoft visual studio 14.0\vc\include\complex(846): note: 参见“std::complex<double>”的声明
f:\计算数学\cavityscatteringlibrary\cavityscatteringalgorithm\inhomogeneousthreecavity.h(19): warning C4251: “InhomogeneousThreeCavity::epr2”: class“std::complex<double>”需要有 dll 接口由 class“InhomogeneousThreeCavity”的客户端使用
  c:\program files (x86)\microsoft visual studio 14.0\vc\include\complex(846): note: 参见“std::complex<double>”的声明
f:\计算数学\cavityscatteringlibrary\cavityscatteringalgorithm\inhomogeneousthreecavity.h(19): warning C4251: “InhomogeneousThreeCavity::epr2_int”: class“std::complex<double>”需要有 dll 接口由 class“InhomogeneousThreeCavity”的客户端使用
  c:\program files (x86)\microsoft visual studio 14.0\vc\include\complex(846): note: 参见“std::complex<double>”的声明
f:\计算数学\cavityscatteringlibrary\cavityscatteringalgorithm\inhomogeneousthreecavity.h(20): warning C4251: “InhomogeneousThreeCavity::epr3”: class“std::complex<double>”需要有 dll 接口由 class“InhomogeneousThreeCavity”的客户端使用
  c:\program files (x86)\microsoft visual studio 14.0\vc\include\complex(846): note: 参见“std::complex<double>”的声明
f:\计算数学\cavityscatteringlibrary\cavityscatteringalgorithm\inhomogeneousthreecavity.h(20): warning C4251: “InhomogeneousThreeCavity::epr3_int”: class“std::complex<double>”需要有 dll 接口由 class“InhomogeneousThreeCavity”的客户端使用
  c:\program files (x86)\microsoft visual studio 14.0\vc\include\complex(846): note: 参见“std::complex<double>”的声明
f:\计算数学\cavityscatteringlibrary\cavityscatteringalgorithm\inhomogeneousthreecavity.h(21): warning C4251: “InhomogeneousThreeCavity::k1_2”: class“std::complex<double>”需要有 dll 接口由 class“InhomogeneousThreeCavity”的客户端使用
  c:\program files (x86)\microsoft visual studio 14.0\vc\include\complex(846): note: 参见“std::complex<double>”的声明
f:\计算数学\cavityscatteringlibrary\cavityscatteringalgorithm\inhomogeneousthreecavity.h(21): warning C4251: “InhomogeneousThreeCavity::k1_2int”: class“std::complex<double>”需要有 dll 接口由 class“InhomogeneousThreeCavity”的客户端使用
  c:\program files (x86)\microsoft visual studio 14.0\vc\include\complex(846): note: 参见“std::complex<double>”的声明
f:\计算数学\cavityscatteringlibrary\cavityscatteringalgorithm\inhomogeneousthreecavity.h(22): warning C4251: “InhomogeneousThreeCavity::k2_2”: class“std::complex<double>”需要有 dll 接口由 class“InhomogeneousThreeCavity”的客户端使用
  c:\program files (x86)\microsoft visual studio 14.0\vc\include\complex(846): note: 参见“std::complex<double>”的声明
f:\计算数学\cavityscatteringlibrary\cavityscatteringalgorithm\inhomogeneousthreecavity.h(22): warning C4251: “InhomogeneousThreeCavity::k2_2int”: class“std::complex<double>”需要有 dll 接口由 class“InhomogeneousThreeCavity”的客户端使用
  c:\program files (x86)\microsoft visual studio 14.0\vc\include\complex(846): note: 参见“std::complex<double>”的声明
f:\计算数学\cavityscatteringlibrary\cavityscatteringalgorithm\inhomogeneousthreecavity.h(23): warning C4251: “InhomogeneousThreeCavity::k3_2”: class“std::complex<double>”需要有 dll 接口由 class“InhomogeneousThreeCavity”的客户端使用
  c:\program files (x86)\microsoft visual studio 14.0\vc\include\complex(846): note: 参见“std::complex<double>”的声明
f:\计算数学\cavityscatteringlibrary\cavityscatteringalgorithm\inhomogeneousthreecavity.h(23): warning C4251: “InhomogeneousThreeCavity::k3_2int”: class“std::complex<double>”需要有 dll 接口由 class“InhomogeneousThreeCavity”的客户端使用
  c:\program files (x86)\microsoft visual studio 14.0\vc\include\complex(846): note: 参见“std::complex<double>”的声明
f:\计算数学\cavityscatteringlibrary\cavityscatteringalgorithm\inhomogeneousthreecavity.h(40): warning C4251: “InhomogeneousThreeCavity::G1_aperture”: class“Eigen::Matrix<std::complex<double>,-1,-1,0,-1,-1>”需要有 dll 接口由 class“InhomogeneousThreeCavity”的客户端使用
  f:\c-library\eigen\eigen\src\core\matrix.h(453): note: 参见“Eigen::Matrix<std::complex<double>,-1,-1,0,-1,-1>”的声明
f:\计算数学\cavityscatteringlibrary\cavityscatteringalgorithm\inhomogeneousthreecavity.h(41): warning C4251: “InhomogeneousThreeCavity::G2_aperture”: class“Eigen::Matrix<std::complex<double>,-1,-1,0,-1,-1>”需要有 dll 接口由 class“InhomogeneousThreeCavity”的客户端使用
  f:\c-library\eigen\eigen\src\core\matrix.h(453): note: 参见“Eigen::Matrix<std::complex<double>,-1,-1,0,-1,-1>”的声明
f:\计算数学\cavityscatteringlibrary\cavityscatteringalgorithm\inhomogeneousthreecavity.h(42): warning C4251: “InhomogeneousThreeCavity::G3_aperture”: class“Eigen::Matrix<std::complex<double>,-1,-1,0,-1,-1>”需要有 dll 接口由 class“InhomogeneousThreeCavity”的客户端使用
  f:\c-library\eigen\eigen\src\core\matrix.h(453): note: 参见“Eigen::Matrix<std::complex<double>,-1,-1,0,-1,-1>”的声明
f:\计算数学\cavityscatteringlibrary\cavityscatteringalgorithm\inhomogeneousthreecavity.h(43): warning C4251: “InhomogeneousThreeCavity::g_aperture”: class“Eigen::Matrix<std::complex<double>,-1,1,0,-1,1>”需要有 dll 接口由 class“InhomogeneousThreeCavity”的客户端使用
  f:\c-library\eigen\eigen\src\core\matrix.h(453): note: 参见“Eigen::Matrix<std::complex<double>,-1,1,0,-1,1>”的声明
  InhomogeneousThreeCavity.cpp
f:\计算数学\cavityscatteringlibrary\cavityscatteringalgorithm\cavity.h(39): warning C4251: “Cavity::nu”: class“std::vector<int,std::allocator<_Ty>>”需要有 dll 接口由 class“Cavity”的客户端使用
          with
          [
              _Ty=int
          ]
  f:\计算数学\cavityscatteringlibrary\cavityscatteringalgorithm\cavity.h(39): note: 参见“std::vector<int,std::allocator<_Ty>>”的声明
          with
          [
              _Ty=int
          ]
f:\计算数学\cavityscatteringlibrary\cavityscatteringalgorithm\cavity.h(40): warning C4251: “Cavity::nbound”: class“std::vector<std::vector<double,std::allocator<_Ty>>,std::allocator<std::vector<_Ty,std::allocator<_Ty>>>>”需要有 dll 接口由 class“Cavity”的客户端使用
          with
          [
              _Ty=double
          ]
  f:\计算数学\cavityscatteringlibrary\cavityscatteringalgorithm\cavity.h(40): note: 参见“std::vector<std::vector<double,std::allocator<_Ty>>,std::allocator<std::vector<_Ty,std::allocator<_Ty>>>>”的声明
          with
          [
              _Ty=double
          ]
f:\计算数学\cavityscatteringlibrary\cavityscatteringalgorithm\cavity.h(43): warning C4251: “Cavity::solutionOfAperture”: class“Eigen::Matrix<std::complex<double>,-1,1,0,-1,1>”需要有 dll 接口由 class“Cavity”的客户端使用
  f:\c-library\eigen\eigen\src\core\matrix.h(453): note: 参见“Eigen::Matrix<std::complex<double>,-1,1,0,-1,1>”的声明
f:\计算数学\cavityscatteringlibrary\cavityscatteringalgorithm\inhomogeneousthreecavity.h(18): warning C4251: “InhomogeneousThreeCavity::epr1”: class“std::complex<double>”需要有 dll 接口由 class“InhomogeneousThreeCavity”的客户端使用
  c:\program files (x86)\microsoft visual studio 14.0\vc\include\complex(846): note: 参见“std::complex<double>”的声明
f:\计算数学\cavityscatteringlibrary\cavityscatteringalgorithm\inhomogeneousthreecavity.h(18): warning C4251: “InhomogeneousThreeCavity::epr1_int”: class“std::complex<double>”需要有 dll 接口由 class“InhomogeneousThreeCavity”的客户端使用
  c:\program files (x86)\microsoft visual studio 14.0\vc\include\complex(846): note: 参见“std::complex<double>”的声明
f:\计算数学\cavityscatteringlibrary\cavityscatteringalgorithm\inhomogeneousthreecavity.h(19): warning C4251: “InhomogeneousThreeCavity::epr2”: class“std::complex<double>”需要有 dll 接口由 class“InhomogeneousThreeCavity”的客户端使用
  c:\program files (x86)\microsoft visual studio 14.0\vc\include\complex(846): note: 参见“std::complex<double>”的声明
f:\计算数学\cavityscatteringlibrary\cavityscatteringalgorithm\inhomogeneousthreecavity.h(19): warning C4251: “InhomogeneousThreeCavity::epr2_int”: class“std::complex<double>”需要有 dll 接口由 class“InhomogeneousThreeCavity”的客户端使用
  c:\program files (x86)\microsoft visual studio 14.0\vc\include\complex(846): note: 参见“std::complex<double>”的声明
f:\计算数学\cavityscatteringlibrary\cavityscatteringalgorithm\inhomogeneousthreecavity.h(20): warning C4251: “InhomogeneousThreeCavity::epr3”: class“std::complex<double>”需要有 dll 接口由 class“InhomogeneousThreeCavity”的客户端使用
  c:\program files (x86)\microsoft visual studio 14.0\vc\include\complex(846): note: 参见“std::complex<double>”的声明
f:\计算数学\cavityscatteringlibrary\cavityscatteringalgorithm\inhomogeneousthreecavity.h(20): warning C4251: “InhomogeneousThreeCavity::epr3_int”: class“std::complex<double>”需要有 dll 接口由 class“InhomogeneousThreeCavity”的客户端使用
  c:\program files (x86)\microsoft visual studio 14.0\vc\include\complex(846): note: 参见“std::complex<double>”的声明
f:\计算数学\cavityscatteringlibrary\cavityscatteringalgorithm\inhomogeneousthreecavity.h(21): warning C4251: “InhomogeneousThreeCavity::k1_2”: class“std::complex<double>”需要有 dll 接口由 class“InhomogeneousThreeCavity”的客户端使用
  c:\program files (x86)\microsoft visual studio 14.0\vc\include\complex(846): note: 参见“std::complex<double>”的声明
f:\计算数学\cavityscatteringlibrary\cavityscatteringalgorithm\inhomogeneousthreecavity.h(21): warning C4251: “InhomogeneousThreeCavity::k1_2int”: class“std::complex<double>”需要有 dll 接口由 class“InhomogeneousThreeCavity”的客户端使用
  c:\program files (x86)\microsoft visual studio 14.0\vc\include\complex(846): note: 参见“std::complex<double>”的声明
f:\计算数学\cavityscatteringlibrary\cavityscatteringalgorithm\inhomogeneousthreecavity.h(22): warning C4251: “InhomogeneousThreeCavity::k2_2”: class“std::complex<double>”需要有 dll 接口由 class“InhomogeneousThreeCavity”的客户端使用
  c:\program files (x86)\microsoft visual studio 14.0\vc\include\complex(846): note: 参见“std::complex<double>”的声明
f:\计算数学\cavityscatteringlibrary\cavityscatteringalgorithm\inhomogeneousthreecavity.h(22): warning C4251: “InhomogeneousThreeCavity::k2_2int”: class“std::complex<double>”需要有 dll 接口由 class“InhomogeneousThreeCavity”的客户端使用
  c:\program files (x86)\microsoft visual studio 14.0\vc\include\complex(846): note: 参见“std::complex<double>”的声明
f:\计算数学\cavityscatteringlibrary\cavityscatteringalgorithm\inhomogeneousthreecavity.h(23): warning C4251: “InhomogeneousThreeCavity::k3_2”: class“std::complex<double>”需要有 dll 接口由 class“InhomogeneousThreeCavity”的客户端使用
  c:\program files (x86)\microsoft visual studio 14.0\vc\include\complex(846): note: 参见“std::complex<double>”的声明
f:\计算数学\cavityscatteringlibrary\cavityscatteringalgorithm\inhomogeneousthreecavity.h(23): warning C4251: “InhomogeneousThreeCavity::k3_2int”: class“std::complex<double>”需要有 dll 接口由 class“InhomogeneousThreeCavity”的客户端使用
  c:\program files (x86)\microsoft visual studio 14.0\vc\include\complex(846): note: 参见“std::complex<double>”的声明
f:\计算数学\cavityscatteringlibrary\cavityscatteringalgorithm\inhomogeneousthreecavity.h(40): warning C4251: “InhomogeneousThreeCavity::G1_aperture”: class“Eigen::Matrix<std::complex<double>,-1,-1,0,-1,-1>”需要有 dll 接口由 class“InhomogeneousThreeCavity”的客户端使用
  f:\c-library\eigen\eigen\src\core\matrix.h(453): note: 参见“Eigen::Matrix<std::complex<double>,-1,-1,0,-1,-1>”的声明
f:\计算数学\cavityscatteringlibrary\cavityscatteringalgorithm\inhomogeneousthreecavity.h(41): warning C4251: “InhomogeneousThreeCavity::G2_aperture”: class“Eigen::Matrix<std::complex<double>,-1,-1,0,-1,-1>”需要有 dll 接口由 class“InhomogeneousThreeCavity”的客户端使用
  f:\c-library\eigen\eigen\src\core\matrix.h(453): note: 参见“Eigen::Matrix<std::complex<double>,-1,-1,0,-1,-1>”的声明
f:\计算数学\cavityscatteringlibrary\cavityscatteringalgorithm\inhomogeneousthreecavity.h(42): warning C4251: “InhomogeneousThreeCavity::G3_aperture”: class“Eigen::Matrix<std::complex<double>,-1,-1,0,-1,-1>”需要有 dll 接口由 class“InhomogeneousThreeCavity”的客户端使用
  f:\c-library\eigen\eigen\src\core\matrix.h(453): note: 参见“Eigen::Matrix<std::complex<double>,-1,-1,0,-1,-1>”的声明
f:\计算数学\cavityscatteringlibrary\cavityscatteringalgorithm\inhomogeneousthreecavity.h(43): warning C4251: “InhomogeneousThreeCavity::g_aperture”: class“Eigen::Matrix<std::complex<double>,-1,1,0,-1,1>”需要有 dll 接口由 class“InhomogeneousThreeCavity”的客户端使用
  f:\c-library\eigen\eigen\src\core\matrix.h(453): note: 参见“Eigen::Matrix<std::complex<double>,-1,1,0,-1,1>”的声明
f:\计算数学\cavityscatteringlibrary\cavityscatteringalgorithm\inhomogeneousthreecavity.cpp(77): warning C4267: “参数”: 从“size_t”转换到“int”，可能丢失数据
f:\计算数学\cavityscatteringlibrary\cavityscatteringalgorithm\inhomogeneousthreecavity.cpp(78): warning C4267: “参数”: 从“size_t”转换到“int”，可能丢失数据
f:\计算数学\cavityscatteringlibrary\cavityscatteringalgorithm\inhomogeneousthreecavity.cpp(79): warning C4267: “参数”: 从“size_t”转换到“int”，可能丢失数据
f:\计算数学\cavityscatteringlibrary\cavityscatteringalgorithm\inhomogeneousthreecavity.cpp(456): warning C4267: “初始化”: 从“size_t”转换到“int”，可能丢失数据
f:\计算数学\cavityscatteringlibrary\cavityscatteringalgorithm\inhomogeneousthreecavity.cpp(523): warning C4267: “初始化”: 从“size_t”转换到“int”，可能丢失数据
f:\计算数学\cavityscatteringlibrary\cavityscatteringalgorithm\inhomogeneousthreecavity.cpp(589): warning C4267: “初始化”: 从“size_t”转换到“int”，可能丢失数据
f:\计算数学\cavityscatteringlibrary\cavityscatteringalgorithm\inhomogeneousthreecavity.cpp(652): warning C4244: “初始化”: 从“double”转换到“int”，可能丢失数据
f:\计算数学\cavityscatteringlibrary\cavityscatteringalgorithm\inhomogeneousthreecavity.cpp(653): warning C4244: “初始化”: 从“double”转换到“int”，可能丢失数据
f:\计算数学\cavityscatteringlibrary\cavityscatteringalgorithm\inhomogeneousthreecavity.cpp(654): warning C4244: “初始化”: 从“double”转换到“int”，可能丢失数据
f:\计算数学\cavityscatteringlibrary\cavityscatteringalgorithm\inhomogeneousthreecavity.cpp(884): warning C4244: “初始化”: 从“double”转换到“int”，可能丢失数据
f:\计算数学\cavityscatteringlibrary\cavityscatteringalgorithm\inhomogeneousthreecavity.cpp(885): warning C4244: “初始化”: 从“double”转换到“int”，可能丢失数据
f:\计算数学\cavityscatteringlibrary\cavityscatteringalgorithm\inhomogeneousthreecavity.cpp(886): warning C4244: “初始化”: 从“double”转换到“int”，可能丢失数据
f:\计算数学\cavityscatteringlibrary\cavityscatteringalgorithm\inhomogeneousthreecavity.cpp(962): warning C4244: “初始化”: 从“double”转换到“int”，可能丢失数据
f:\计算数学\cavityscatteringlibrary\cavityscatteringalgorithm\inhomogeneousthreecavity.cpp(963): warning C4244: “初始化”: 从“double”转换到“int”，可能丢失数据
f:\计算数学\cavityscatteringlibrary\cavityscatteringalgorithm\inhomogeneousthreecavity.cpp(964): warning C4244: “初始化”: 从“double”转换到“int”，可能丢失数据
f:\计算数学\cavityscatteringlibrary\cavityscatteringalgorithm\inhomogeneousthreecavity.cpp(1282): warning C4267: “初始化”: 从“size_t”转换到“int”，可能丢失数据
f:\计算数学\cavityscatteringlibrary\cavityscatteringalgorithm\inhomogeneousthreecavity.cpp(1287): warning C4244: “=”: 从“double”转换到“int”，可能丢失数据
f:\计算数学\cavityscatteringlibrary\cavityscatteringalgorithm\inhomogeneousthreecavity.cpp(1461): warning C4267: “初始化”: 从“size_t”转换到“int”，可能丢失数据
f:\计算数学\cavityscatteringlibrary\cavityscatteringalgorithm\inhomogeneousthreecavity.cpp(1731): warning C4267: “初始化”: 从“size_t”转换到“int”，可能丢失数据
f:\计算数学\cavityscatteringlibrary\cavityscatteringalgorithm\inhomogeneousthreecavity.cpp(1739): warning C4244: “参数”: 从“double”转换到“std::size_t”，可能丢失数据
f:\计算数学\cavityscatteringlibrary\cavityscatteringalgorithm\inhomogeneousthreecavity.cpp(1910): warning C4244: “初始化”: 从“__int64”转换到“int”，可能丢失数据
f:\计算数学\cavityscatteringlibrary\cavityscatteringalgorithm\inhomogeneousthreecavity.cpp(1916): warning C4244: “参数”: 从“double”转换到“int”，可能丢失数据
f:\计算数学\cavityscatteringlibrary\cavityscatteringalgorithm\inhomogeneousthreecavity.cpp(1749): warning C4101: “y”: 未引用的局部变量
f:\计算数学\cavityscatteringlibrary\cavityscatteringalgorithm\inhomogeneousthreecavity.cpp(1749): warning C4101: “x”: 未引用的局部变量
f:\计算数学\cavityscatteringlibrary\cavityscatteringalgorithm\inhomogeneousthreecavity.cpp(1952): warning C4101: “id”: 未引用的局部变量
f:\计算数学\cavityscatteringlibrary\cavityscatteringalgorithm\inhomogeneousthreecavity.cpp(2154): warning C4267: “初始化”: 从“size_t”转换到“int”，可能丢失数据
f:\计算数学\cavityscatteringlibrary\cavityscatteringalgorithm\inhomogeneousthreecavity.cpp(2178): warning C4244: “初始化”: 从“Eigen::EigenBase<Derived>::Index”转换到“int”，可能丢失数据
          with
          [
              Derived=Eigen::Matrix<std::complex<double>,-1,1,0,-1,1>
          ]
f:\计算数学\cavityscatteringlibrary\cavityscatteringalgorithm\inhomogeneousthreecavity.cpp(3583): warning C4267: “初始化”: 从“size_t”转换到“int”，可能丢失数据
  InhomogeneousSingalRectangleCavityAAMM2.cpp
f:\计算数学\cavityscatteringlibrary\cavityscatteringalgorithm\cavity.h(39): warning C4251: “Cavity::nu”: class“std::vector<int,std::allocator<_Ty>>”需要有 dll 接口由 class“Cavity”的客户端使用
          with
          [
              _Ty=int
          ]
  f:\计算数学\cavityscatteringlibrary\cavityscatteringalgorithm\cavity.h(39): note: 参见“std::vector<int,std::allocator<_Ty>>”的声明
          with
          [
              _Ty=int
          ]
f:\计算数学\cavityscatteringlibrary\cavityscatteringalgorithm\cavity.h(40): warning C4251: “Cavity::nbound”: class“std::vector<std::vector<double,std::allocator<_Ty>>,std::allocator<std::vector<_Ty,std::allocator<_Ty>>>>”需要有 dll 接口由 class“Cavity”的客户端使用
          with
          [
              _Ty=double
          ]
  f:\计算数学\cavityscatteringlibrary\cavityscatteringalgorithm\cavity.h(40): note: 参见“std::vector<std::vector<double,std::allocator<_Ty>>,std::allocator<std::vector<_Ty,std::allocator<_Ty>>>>”的声明
          with
          [
              _Ty=double
          ]
f:\计算数学\cavityscatteringlibrary\cavityscatteringalgorithm\cavity.h(43): warning C4251: “Cavity::solutionOfAperture”: class“Eigen::Matrix<std::complex<double>,-1,1,0,-1,1>”需要有 dll 接口由 class“Cavity”的客户端使用
  f:\c-library\eigen\eigen\src\core\matrix.h(453): note: 参见“Eigen::Matrix<std::complex<double>,-1,1,0,-1,1>”的声明
f:\计算数学\cavityscatteringlibrary\cavityscatteringalgorithm\inhomogeneoussingalcavity.h(18): warning C4251: “InhomogeneousSingalCavity::epr”: class“std::complex<double>”需要有 dll 接口由 class“InhomogeneousSingalCavity”的客户端使用
  c:\program files (x86)\microsoft visual studio 14.0\vc\include\complex(846): note: 参见“std::complex<double>”的声明
f:\计算数学\cavityscatteringlibrary\cavityscatteringalgorithm\inhomogeneoussingalcavity.h(18): warning C4251: “InhomogeneousSingalCavity::epr_int”: class“std::complex<double>”需要有 dll 接口由 class“InhomogeneousSingalCavity”的客户端使用
  c:\program files (x86)\microsoft visual studio 14.0\vc\include\complex(846): note: 参见“std::complex<double>”的声明
f:\计算数学\cavityscatteringlibrary\cavityscatteringalgorithm\inhomogeneoussingalcavity.h(19): warning C4251: “InhomogeneousSingalCavity::k2”: class“std::complex<double>”需要有 dll 接口由 class“InhomogeneousSingalCavity”的客户端使用
  c:\program files (x86)\microsoft visual studio 14.0\vc\include\complex(846): note: 参见“std::complex<double>”的声明
f:\计算数学\cavityscatteringlibrary\cavityscatteringalgorithm\inhomogeneoussingalcavity.h(19): warning C4251: “InhomogeneousSingalCavity::k2_int”: class“std::complex<double>”需要有 dll 接口由 class“InhomogeneousSingalCavity”的客户端使用
  c:\program files (x86)\microsoft visual studio 14.0\vc\include\complex(846): note: 参见“std::complex<double>”的声明
f:\计算数学\cavityscatteringlibrary\cavityscatteringalgorithm\inhomogeneoussingalcavity.h(26): warning C4251: “InhomogeneousSingalCavity::G_aperture”: class“Eigen::Matrix<std::complex<double>,-1,-1,0,-1,-1>”需要有 dll 接口由 class“InhomogeneousSingalCavity”的客户端使用
  f:\c-library\eigen\eigen\src\core\matrix.h(453): note: 参见“Eigen::Matrix<std::complex<double>,-1,-1,0,-1,-1>”的声明
f:\计算数学\cavityscatteringlibrary\cavityscatteringalgorithm\inhomogeneoussingalcavity.h(27): warning C4251: “InhomogeneousSingalCavity::g_aperture”: class“Eigen::Matrix<std::complex<double>,-1,1,0,-1,1>”需要有 dll 接口由 class“InhomogeneousSingalCavity”的客户端使用
  f:\c-library\eigen\eigen\src\core\matrix.h(453): note: 参见“Eigen::Matrix<std::complex<double>,-1,1,0,-1,1>”的声明
f:\计算数学\cavityscatteringlibrary\cavityscatteringalgorithm\inhomogeneoussingalrectanglecavityaamm2.cpp(45): warning C4267: “初始化”: 从“size_t”转换到“int”，可能丢失数据
  InhomogeneousSingalRectangleCavity.cpp
f:\计算数学\cavityscatteringlibrary\cavityscatteringalgorithm\cavity.h(39): warning C4251: “Cavity::nu”: class“std::vector<int,std::allocator<_Ty>>”需要有 dll 接口由 class“Cavity”的客户端使用
          with
          [
              _Ty=int
          ]
  f:\计算数学\cavityscatteringlibrary\cavityscatteringalgorithm\cavity.h(39): note: 参见“std::vector<int,std::allocator<_Ty>>”的声明
          with
          [
              _Ty=int
          ]
f:\计算数学\cavityscatteringlibrary\cavityscatteringalgorithm\cavity.h(40): warning C4251: “Cavity::nbound”: class“std::vector<std::vector<double,std::allocator<_Ty>>,std::allocator<std::vector<_Ty,std::allocator<_Ty>>>>”需要有 dll 接口由 class“Cavity”的客户端使用
          with
          [
              _Ty=double
          ]
  f:\计算数学\cavityscatteringlibrary\cavityscatteringalgorithm\cavity.h(40): note: 参见“std::vector<std::vector<double,std::allocator<_Ty>>,std::allocator<std::vector<_Ty,std::allocator<_Ty>>>>”的声明
          with
          [
              _Ty=double
          ]
f:\计算数学\cavityscatteringlibrary\cavityscatteringalgorithm\cavity.h(43): warning C4251: “Cavity::solutionOfAperture”: class“Eigen::Matrix<std::complex<double>,-1,1,0,-1,1>”需要有 dll 接口由 class“Cavity”的客户端使用
  f:\c-library\eigen\eigen\src\core\matrix.h(453): note: 参见“Eigen::Matrix<std::complex<double>,-1,1,0,-1,1>”的声明
f:\计算数学\cavityscatteringlibrary\cavityscatteringalgorithm\inhomogeneoussingalcavity.h(18): warning C4251: “InhomogeneousSingalCavity::epr”: class“std::complex<double>”需要有 dll 接口由 class“InhomogeneousSingalCavity”的客户端使用
  c:\program files (x86)\microsoft visual studio 14.0\vc\include\complex(846): note: 参见“std::complex<double>”的声明
f:\计算数学\cavityscatteringlibrary\cavityscatteringalgorithm\inhomogeneoussingalcavity.h(18): warning C4251: “InhomogeneousSingalCavity::epr_int”: class“std::complex<double>”需要有 dll 接口由 class“InhomogeneousSingalCavity”的客户端使用
  c:\program files (x86)\microsoft visual studio 14.0\vc\include\complex(846): note: 参见“std::complex<double>”的声明
f:\计算数学\cavityscatteringlibrary\cavityscatteringalgorithm\inhomogeneoussingalcavity.h(19): warning C4251: “InhomogeneousSingalCavity::k2”: class“std::complex<double>”需要有 dll 接口由 class“InhomogeneousSingalCavity”的客户端使用
  c:\program files (x86)\microsoft visual studio 14.0\vc\include\complex(846): note: 参见“std::complex<double>”的声明
f:\计算数学\cavityscatteringlibrary\cavityscatteringalgorithm\inhomogeneoussingalcavity.h(19): warning C4251: “InhomogeneousSingalCavity::k2_int”: class“std::complex<double>”需要有 dll 接口由 class“InhomogeneousSingalCavity”的客户端使用
  c:\program files (x86)\microsoft visual studio 14.0\vc\include\complex(846): note: 参见“std::complex<double>”的声明
f:\计算数学\cavityscatteringlibrary\cavityscatteringalgorithm\inhomogeneoussingalcavity.h(26): warning C4251: “InhomogeneousSingalCavity::G_aperture”: class“Eigen::Matrix<std::complex<double>,-1,-1,0,-1,-1>”需要有 dll 接口由 class“InhomogeneousSingalCavity”的客户端使用
  f:\c-library\eigen\eigen\src\core\matrix.h(453): note: 参见“Eigen::Matrix<std::complex<double>,-1,-1,0,-1,-1>”的声明
f:\计算数学\cavityscatteringlibrary\cavityscatteringalgorithm\inhomogeneoussingalcavity.h(27): warning C4251: “InhomogeneousSingalCavity::g_aperture”: class“Eigen::Matrix<std::complex<double>,-1,1,0,-1,1>”需要有 dll 接口由 class“InhomogeneousSingalCavity”的客户端使用
  f:\c-library\eigen\eigen\src\core\matrix.h(453): note: 参见“Eigen::Matrix<std::complex<double>,-1,1,0,-1,1>”的声明
  InhomogeneousSingalCircleCavity.cpp
f:\计算数学\cavityscatteringlibrary\cavityscatteringalgorithm\cavity.h(39): warning C4251: “Cavity::nu”: class“std::vector<int,std::allocator<_Ty>>”需要有 dll 接口由 class“Cavity”的客户端使用
          with
          [
              _Ty=int
          ]
  f:\计算数学\cavityscatteringlibrary\cavityscatteringalgorithm\cavity.h(39): note: 参见“std::vector<int,std::allocator<_Ty>>”的声明
          with
          [
              _Ty=int
          ]
f:\计算数学\cavityscatteringlibrary\cavityscatteringalgorithm\cavity.h(40): warning C4251: “Cavity::nbound”: class“std::vector<std::vector<double,std::allocator<_Ty>>,std::allocator<std::vector<_Ty,std::allocator<_Ty>>>>”需要有 dll 接口由 class“Cavity”的客户端使用
          with
          [
              _Ty=double
          ]
  f:\计算数学\cavityscatteringlibrary\cavityscatteringalgorithm\cavity.h(40): note: 参见“std::vector<std::vector<double,std::allocator<_Ty>>,std::allocator<std::vector<_Ty,std::allocator<_Ty>>>>”的声明
          with
          [
              _Ty=double
          ]
f:\计算数学\cavityscatteringlibrary\cavityscatteringalgorithm\cavity.h(43): warning C4251: “Cavity::solutionOfAperture”: class“Eigen::Matrix<std::complex<double>,-1,1,0,-1,1>”需要有 dll 接口由 class“Cavity”的客户端使用
  f:\c-library\eigen\eigen\src\core\matrix.h(453): note: 参见“Eigen::Matrix<std::complex<double>,-1,1,0,-1,1>”的声明
f:\计算数学\cavityscatteringlibrary\cavityscatteringalgorithm\inhomogeneoussingalcavity.h(18): warning C4251: “InhomogeneousSingalCavity::epr”: class“std::complex<double>”需要有 dll 接口由 class“InhomogeneousSingalCavity”的客户端使用
  c:\program files (x86)\microsoft visual studio 14.0\vc\include\complex(846): note: 参见“std::complex<double>”的声明
f:\计算数学\cavityscatteringlibrary\cavityscatteringalgorithm\inhomogeneoussingalcavity.h(18): warning C4251: “InhomogeneousSingalCavity::epr_int”: class“std::complex<double>”需要有 dll 接口由 class“InhomogeneousSingalCavity”的客户端使用
  c:\program files (x86)\microsoft visual studio 14.0\vc\include\complex(846): note: 参见“std::complex<double>”的声明
f:\计算数学\cavityscatteringlibrary\cavityscatteringalgorithm\inhomogeneoussingalcavity.h(19): warning C4251: “InhomogeneousSingalCavity::k2”: class“std::complex<double>”需要有 dll 接口由 class“InhomogeneousSingalCavity”的客户端使用
  c:\program files (x86)\microsoft visual studio 14.0\vc\include\complex(846): note: 参见“std::complex<double>”的声明
f:\计算数学\cavityscatteringlibrary\cavityscatteringalgorithm\inhomogeneoussingalcavity.h(19): warning C4251: “InhomogeneousSingalCavity::k2_int”: class“std::complex<double>”需要有 dll 接口由 class“InhomogeneousSingalCavity”的客户端使用
  c:\program files (x86)\microsoft visual studio 14.0\vc\include\complex(846): note: 参见“std::complex<double>”的声明
f:\计算数学\cavityscatteringlibrary\cavityscatteringalgorithm\inhomogeneoussingalcavity.h(26): warning C4251: “InhomogeneousSingalCavity::G_aperture”: class“Eigen::Matrix<std::complex<double>,-1,-1,0,-1,-1>”需要有 dll 接口由 class“InhomogeneousSingalCavity”的客户端使用
  f:\c-library\eigen\eigen\src\core\matrix.h(453): note: 参见“Eigen::Matrix<std::complex<double>,-1,-1,0,-1,-1>”的声明
f:\计算数学\cavityscatteringlibrary\cavityscatteringalgorithm\inhomogeneoussingalcavity.h(27): warning C4251: “InhomogeneousSingalCavity::g_aperture”: class“Eigen::Matrix<std::complex<double>,-1,1,0,-1,1>”需要有 dll 接口由 class“InhomogeneousSingalCavity”的客户端使用
  f:\c-library\eigen\eigen\src\core\matrix.h(453): note: 参见“Eigen::Matrix<std::complex<double>,-1,1,0,-1,1>”的声明
f:\计算数学\cavityscatteringlibrary\cavityscatteringalgorithm\inhomogeneoussingalcirclecavity.h(14): warning C4251: “InhomogeneousSingalCircleCavity::circleCenter”: class“Eigen::Matrix<double,2,1,0,2,1>”需要有 dll 接口由 class“InhomogeneousSingalCircleCavity”的客户端使用
  f:\c-library\eigen\eigen\src\core\matrix.h(451): note: 参见“Eigen::Matrix<double,2,1,0,2,1>”的声明
f:\计算数学\cavityscatteringlibrary\cavityscatteringalgorithm\inhomogeneoussingalcirclecavity.h(16): warning C4251: “InhomogeneousSingalCircleCavity::circleCenter_int”: class“Eigen::Matrix<double,2,1,0,2,1>”需要有 dll 接口由 class“InhomogeneousSingalCircleCavity”的客户端使用
  f:\c-library\eigen\eigen\src\core\matrix.h(451): note: 参见“Eigen::Matrix<double,2,1,0,2,1>”的声明
  InhomogeneousSingalCavity.cpp
f:\计算数学\cavityscatteringlibrary\cavityscatteringalgorithm\cavity.h(39): warning C4251: “Cavity::nu”: class“std::vector<int,std::allocator<_Ty>>”需要有 dll 接口由 class“Cavity”的客户端使用
          with
          [
              _Ty=int
          ]
  f:\计算数学\cavityscatteringlibrary\cavityscatteringalgorithm\cavity.h(39): note: 参见“std::vector<int,std::allocator<_Ty>>”的声明
          with
          [
              _Ty=int
          ]
f:\计算数学\cavityscatteringlibrary\cavityscatteringalgorithm\cavity.h(40): warning C4251: “Cavity::nbound”: class“std::vector<std::vector<double,std::allocator<_Ty>>,std::allocator<std::vector<_Ty,std::allocator<_Ty>>>>”需要有 dll 接口由 class“Cavity”的客户端使用
          with
          [
              _Ty=double
          ]
  f:\计算数学\cavityscatteringlibrary\cavityscatteringalgorithm\cavity.h(40): note: 参见“std::vector<std::vector<double,std::allocator<_Ty>>,std::allocator<std::vector<_Ty,std::allocator<_Ty>>>>”的声明
          with
          [
              _Ty=double
          ]
f:\计算数学\cavityscatteringlibrary\cavityscatteringalgorithm\cavity.h(43): warning C4251: “Cavity::solutionOfAperture”: class“Eigen::Matrix<std::complex<double>,-1,1,0,-1,1>”需要有 dll 接口由 class“Cavity”的客户端使用
  f:\c-library\eigen\eigen\src\core\matrix.h(453): note: 参见“Eigen::Matrix<std::complex<double>,-1,1,0,-1,1>”的声明
f:\计算数学\cavityscatteringlibrary\cavityscatteringalgorithm\inhomogeneoussingalcavity.h(18): warning C4251: “InhomogeneousSingalCavity::epr”: class“std::complex<double>”需要有 dll 接口由 class“InhomogeneousSingalCavity”的客户端使用
  c:\program files (x86)\microsoft visual studio 14.0\vc\include\complex(846): note: 参见“std::complex<double>”的声明
f:\计算数学\cavityscatteringlibrary\cavityscatteringalgorithm\inhomogeneoussingalcavity.h(18): warning C4251: “InhomogeneousSingalCavity::epr_int”: class“std::complex<double>”需要有 dll 接口由 class“InhomogeneousSingalCavity”的客户端使用
  c:\program files (x86)\microsoft visual studio 14.0\vc\include\complex(846): note: 参见“std::complex<double>”的声明
f:\计算数学\cavityscatteringlibrary\cavityscatteringalgorithm\inhomogeneoussingalcavity.h(19): warning C4251: “InhomogeneousSingalCavity::k2”: class“std::complex<double>”需要有 dll 接口由 class“InhomogeneousSingalCavity”的客户端使用
  c:\program files (x86)\microsoft visual studio 14.0\vc\include\complex(846): note: 参见“std::complex<double>”的声明
f:\计算数学\cavityscatteringlibrary\cavityscatteringalgorithm\inhomogeneoussingalcavity.h(19): warning C4251: “InhomogeneousSingalCavity::k2_int”: class“std::complex<double>”需要有 dll 接口由 class“InhomogeneousSingalCavity”的客户端使用
  c:\program files (x86)\microsoft visual studio 14.0\vc\include\complex(846): note: 参见“std::complex<double>”的声明
f:\计算数学\cavityscatteringlibrary\cavityscatteringalgorithm\inhomogeneoussingalcavity.h(26): warning C4251: “InhomogeneousSingalCavity::G_aperture”: class“Eigen::Matrix<std::complex<double>,-1,-1,0,-1,-1>”需要有 dll 接口由 class“InhomogeneousSingalCavity”的客户端使用
  f:\c-library\eigen\eigen\src\core\matrix.h(453): note: 参见“Eigen::Matrix<std::complex<double>,-1,-1,0,-1,-1>”的声明
f:\计算数学\cavityscatteringlibrary\cavityscatteringalgorithm\inhomogeneoussingalcavity.h(27): warning C4251: “InhomogeneousSingalCavity::g_aperture”: class“Eigen::Matrix<std::complex<double>,-1,1,0,-1,1>”需要有 dll 接口由 class“InhomogeneousSingalCavity”的客户端使用
  f:\c-library\eigen\eigen\src\core\matrix.h(453): note: 参见“Eigen::Matrix<std::complex<double>,-1,1,0,-1,1>”的声明
f:\计算数学\cavityscatteringlibrary\cavityscatteringalgorithm\inhomogeneoussingalcavity.cpp(59): warning C4267: “参数”: 从“size_t”转换到“int”，可能丢失数据
f:\计算数学\cavityscatteringlibrary\cavityscatteringalgorithm\inhomogeneoussingalcavity.cpp(442): warning C4244: “初始化”: 从“Eigen::EigenBase<Derived>::Index”转换到“int”，可能丢失数据
          with
          [
              Derived=Eigen::Matrix<std::complex<double>,-1,-1,0,-1,-1>
          ]
f:\计算数学\cavityscatteringlibrary\cavityscatteringalgorithm\inhomogeneoussingalcavity.cpp(509): warning C4267: “初始化”: 从“size_t”转换到“int”，可能丢失数据
f:\计算数学\cavityscatteringlibrary\cavityscatteringalgorithm\inhomogeneoussingalcavity.cpp(575): warning C4267: “初始化”: 从“size_t”转换到“int”，可能丢失数据
f:\计算数学\cavityscatteringlibrary\cavityscatteringalgorithm\inhomogeneoussingalcavity.cpp(638): warning C4244: “初始化”: 从“double”转换到“int”，可能丢失数据
f:\计算数学\cavityscatteringlibrary\cavityscatteringalgorithm\inhomogeneoussingalcavity.cpp(639): warning C4244: “初始化”: 从“double”转换到“int”，可能丢失数据
f:\计算数学\cavityscatteringlibrary\cavityscatteringalgorithm\inhomogeneoussingalcavity.cpp(640): warning C4244: “初始化”: 从“double”转换到“int”，可能丢失数据
f:\计算数学\cavityscatteringlibrary\cavityscatteringalgorithm\inhomogeneoussingalcavity.cpp(870): warning C4244: “初始化”: 从“double”转换到“int”，可能丢失数据
f:\计算数学\cavityscatteringlibrary\cavityscatteringalgorithm\inhomogeneoussingalcavity.cpp(871): warning C4244: “初始化”: 从“double”转换到“int”，可能丢失数据
f:\计算数学\cavityscatteringlibrary\cavityscatteringalgorithm\inhomogeneoussingalcavity.cpp(872): warning C4244: “初始化”: 从“double”转换到“int”，可能丢失数据
f:\计算数学\cavityscatteringlibrary\cavityscatteringalgorithm\inhomogeneoussingalcavity.cpp(948): warning C4244: “初始化”: 从“double”转换到“int”，可能丢失数据
f:\计算数学\cavityscatteringlibrary\cavityscatteringalgorithm\inhomogeneoussingalcavity.cpp(949): warning C4244: “初始化”: 从“double”转换到“int”，可能丢失数据
f:\计算数学\cavityscatteringlibrary\cavityscatteringalgorithm\inhomogeneoussingalcavity.cpp(950): warning C4244: “初始化”: 从“double”转换到“int”，可能丢失数据
f:\计算数学\cavityscatteringlibrary\cavityscatteringalgorithm\inhomogeneoussingalcavity.cpp(1268): warning C4267: “初始化”: 从“size_t”转换到“int”，可能丢失数据
f:\计算数学\cavityscatteringlibrary\cavityscatteringalgorithm\inhomogeneoussingalcavity.cpp(1303): warning C4267: “初始化”: 从“size_t”转换到“int”，可能丢失数据
f:\计算数学\cavityscatteringlibrary\cavityscatteringalgorithm\inhomogeneoussingalcavity.cpp(1573): warning C4267: “初始化”: 从“size_t”转换到“int”，可能丢失数据
f:\计算数学\cavityscatteringlibrary\cavityscatteringalgorithm\inhomogeneoussingalcavity.cpp(1576): warning C4244: “参数”: 从“double”转换到“std::size_t”，可能丢失数据
f:\计算数学\cavityscatteringlibrary\cavityscatteringalgorithm\inhomogeneoussingalcavity.cpp(1690): warning C4244: “初始化”: 从“__int64”转换到“int”，可能丢失数据
f:\计算数学\cavityscatteringlibrary\cavityscatteringalgorithm\inhomogeneoussingalcavity.cpp(1696): warning C4244: “参数”: 从“double”转换到“int”，可能丢失数据
f:\计算数学\cavityscatteringlibrary\cavityscatteringalgorithm\inhomogeneoussingalcavity.cpp(1586): warning C4101: “y”: 未引用的局部变量
f:\计算数学\cavityscatteringlibrary\cavityscatteringalgorithm\inhomogeneoussingalcavity.cpp(1586): warning C4101: “x”: 未引用的局部变量
f:\计算数学\cavityscatteringlibrary\cavityscatteringalgorithm\inhomogeneoussingalcavity.cpp(1730): warning C4101: “id”: 未引用的局部变量
f:\计算数学\cavityscatteringlibrary\cavityscatteringalgorithm\inhomogeneoussingalcavity.cpp(2056): warning C4267: “初始化”: 从“size_t”转换到“int”，可能丢失数据
f:\计算数学\cavityscatteringlibrary\cavityscatteringalgorithm\inhomogeneoussingalcavity.cpp(2080): warning C4244: “初始化”: 从“Eigen::EigenBase<Derived>::Index”转换到“int”，可能丢失数据
          with
          [
              Derived=Eigen::Matrix<std::complex<double>,-1,1,0,-1,1>
          ]
  InhomogeneousSigalRectangleCavityAAMM1.cpp
f:\计算数学\cavityscatteringlibrary\cavityscatteringalgorithm\cavity.h(39): warning C4251: “Cavity::nu”: class“std::vector<int,std::allocator<_Ty>>”需要有 dll 接口由 class“Cavity”的客户端使用
          with
          [
              _Ty=int
          ]
  f:\计算数学\cavityscatteringlibrary\cavityscatteringalgorithm\cavity.h(39): note: 参见“std::vector<int,std::allocator<_Ty>>”的声明
          with
          [
              _Ty=int
          ]
f:\计算数学\cavityscatteringlibrary\cavityscatteringalgorithm\cavity.h(40): warning C4251: “Cavity::nbound”: class“std::vector<std::vector<double,std::allocator<_Ty>>,std::allocator<std::vector<_Ty,std::allocator<_Ty>>>>”需要有 dll 接口由 class“Cavity”的客户端使用
          with
          [
              _Ty=double
          ]
  f:\计算数学\cavityscatteringlibrary\cavityscatteringalgorithm\cavity.h(40): note: 参见“std::vector<std::vector<double,std::allocator<_Ty>>,std::allocator<std::vector<_Ty,std::allocator<_Ty>>>>”的声明
          with
          [
              _Ty=double
          ]
f:\计算数学\cavityscatteringlibrary\cavityscatteringalgorithm\cavity.h(43): warning C4251: “Cavity::solutionOfAperture”: class“Eigen::Matrix<std::complex<double>,-1,1,0,-1,1>”需要有 dll 接口由 class“Cavity”的客户端使用
  f:\c-library\eigen\eigen\src\core\matrix.h(453): note: 参见“Eigen::Matrix<std::complex<double>,-1,1,0,-1,1>”的声明
f:\计算数学\cavityscatteringlibrary\cavityscatteringalgorithm\inhomogeneoussingalcavity.h(18): warning C4251: “InhomogeneousSingalCavity::epr”: class“std::complex<double>”需要有 dll 接口由 class“InhomogeneousSingalCavity”的客户端使用
  c:\program files (x86)\microsoft visual studio 14.0\vc\include\complex(846): note: 参见“std::complex<double>”的声明
f:\计算数学\cavityscatteringlibrary\cavityscatteringalgorithm\inhomogeneoussingalcavity.h(18): warning C4251: “InhomogeneousSingalCavity::epr_int”: class“std::complex<double>”需要有 dll 接口由 class“InhomogeneousSingalCavity”的客户端使用
  c:\program files (x86)\microsoft visual studio 14.0\vc\include\complex(846): note: 参见“std::complex<double>”的声明
f:\计算数学\cavityscatteringlibrary\cavityscatteringalgorithm\inhomogeneoussingalcavity.h(19): warning C4251: “InhomogeneousSingalCavity::k2”: class“std::complex<double>”需要有 dll 接口由 class“InhomogeneousSingalCavity”的客户端使用
  c:\program files (x86)\microsoft visual studio 14.0\vc\include\complex(846): note: 参见“std::complex<double>”的声明
f:\计算数学\cavityscatteringlibrary\cavityscatteringalgorithm\inhomogeneoussingalcavity.h(19): warning C4251: “InhomogeneousSingalCavity::k2_int”: class“std::complex<double>”需要有 dll 接口由 class“InhomogeneousSingalCavity”的客户端使用
  c:\program files (x86)\microsoft visual studio 14.0\vc\include\complex(846): note: 参见“std::complex<double>”的声明
f:\计算数学\cavityscatteringlibrary\cavityscatteringalgorithm\inhomogeneoussingalcavity.h(26): warning C4251: “InhomogeneousSingalCavity::G_aperture”: class“Eigen::Matrix<std::complex<double>,-1,-1,0,-1,-1>”需要有 dll 接口由 class“InhomogeneousSingalCavity”的客户端使用
  f:\c-library\eigen\eigen\src\core\matrix.h(453): note: 参见“Eigen::Matrix<std::complex<double>,-1,-1,0,-1,-1>”的声明
f:\计算数学\cavityscatteringlibrary\cavityscatteringalgorithm\inhomogeneoussingalcavity.h(27): warning C4251: “InhomogeneousSingalCavity::g_aperture”: class“Eigen::Matrix<std::complex<double>,-1,1,0,-1,1>”需要有 dll 接口由 class“InhomogeneousSingalCavity”的客户端使用
  f:\c-library\eigen\eigen\src\core\matrix.h(453): note: 参见“Eigen::Matrix<std::complex<double>,-1,1,0,-1,1>”的声明
f:\计算数学\cavityscatteringlibrary\cavityscatteringalgorithm\inhomogeneoussigalrectanglecavityaamm1.cpp(68): warning C4267: “初始化”: 从“size_t”转换到“int”，可能丢失数据
  Cavity.cpp
f:\计算数学\cavityscatteringlibrary\cavityscatteringalgorithm\cavity.h(39): warning C4251: “Cavity::nu”: class“std::vector<int,std::allocator<_Ty>>”需要有 dll 接口由 class“Cavity”的客户端使用
          with
          [
              _Ty=int
          ]
  f:\计算数学\cavityscatteringlibrary\cavityscatteringalgorithm\cavity.h(39): note: 参见“std::vector<int,std::allocator<_Ty>>”的声明
          with
          [
              _Ty=int
          ]
f:\计算数学\cavityscatteringlibrary\cavityscatteringalgorithm\cavity.h(40): warning C4251: “Cavity::nbound”: class“std::vector<std::vector<double,std::allocator<_Ty>>,std::allocator<std::vector<_Ty,std::allocator<_Ty>>>>”需要有 dll 接口由 class“Cavity”的客户端使用
          with
          [
              _Ty=double
          ]
  f:\计算数学\cavityscatteringlibrary\cavityscatteringalgorithm\cavity.h(40): note: 参见“std::vector<std::vector<double,std::allocator<_Ty>>,std::allocator<std::vector<_Ty,std::allocator<_Ty>>>>”的声明
          with
          [
              _Ty=double
          ]
f:\计算数学\cavityscatteringlibrary\cavityscatteringalgorithm\cavity.h(43): warning C4251: “Cavity::solutionOfAperture”: class“Eigen::Matrix<std::complex<double>,-1,1,0,-1,1>”需要有 dll 接口由 class“Cavity”的客户端使用
  f:\c-library\eigen\eigen\src\core\matrix.h(453): note: 参见“Eigen::Matrix<std::complex<double>,-1,1,0,-1,1>”的声明
f:\计算数学\cavityscatteringlibrary\cavityscatteringalgorithm\cavity.cpp(90): warning C4267: “初始化”: 从“size_t”转换到“int”，可能丢失数据
f:\计算数学\cavityscatteringlibrary\cavityscatteringalgorithm\cavity.cpp(91): warning C4267: “初始化”: 从“size_t”转换到“int”，可能丢失数据
f:\计算数学\cavityscatteringlibrary\cavityscatteringalgorithm\cavity.cpp(72): warning C4996: 'getcwd': The POSIX name for this item is deprecated. Instead, use the ISO C and C++ conformant name: _getcwd. See online help for details.
  c:\program files (x86)\windows kits\10\include\10.0.10150.0\ucrt\direct.h(91): note: 参见“getcwd”的声明
f:\计算数学\cavityscatteringlibrary\cavityscatteringalgorithm\cavity.cpp(292): warning C4244: “初始化”: 从“Eigen::EigenBase<Derived>::Index”转换到“int”，可能丢失数据
          with
          [
              Derived=Eigen::Matrix<std::complex<double>,-1,1,0,-1,1>
          ]
f:\计算数学\cavityscatteringlibrary\cavityscatteringalgorithm\cavity.cpp(304): warning C4267: “初始化”: 从“size_t”转换到“int”，可能丢失数据
f:\计算数学\cavityscatteringlibrary\cavityscatteringalgorithm\cavity.cpp(324): warning C4267: “初始化”: 从“size_t”转换到“int”，可能丢失数据
f:\计算数学\cavityscatteringlibrary\cavityscatteringalgorithm\cavity.cpp(378): warning C4244: “=”: 从“double”转换到“int”，可能丢失数据
f:\计算数学\cavityscatteringlibrary\cavityscatteringalgorithm\cavity.cpp(379): warning C4244: “=”: 从“double”转换到“int”，可能丢失数据
  ApertureIntegral.cpp
f:\计算数学\cavityscatteringlibrary\cavityscatteringalgorithm\apertureintegral.cpp(22): warning C4267: “初始化”: 从“size_t”转换到“int”，可能丢失数据
f:\计算数学\cavityscatteringlibrary\cavityscatteringalgorithm\apertureintegral.cpp(188): warning C4267: “初始化”: 从“size_t”转换到“int”，可能丢失数据
f:\计算数学\cavityscatteringlibrary\cavityscatteringalgorithm\apertureintegral.cpp(262): warning C4553: “==”: 运算符不起任何作用；是否是有意使用“=”的?
  正在生成代码...
f:\计算数学\cavityscatteringlibrary\cavityscatteringalgorithm\inhomogeneoussingalcavity.cpp(95): warning C4715: “InhomogeneousSingalCavity::Solve”: 不是所有的控件路径都返回值
f:\计算数学\cavityscatteringlibrary\cavityscatteringalgorithm\inhomogeneoussingalcavity.cpp(1011): warning C4715: “InhomogeneousSingalCavity::weak_int”: 不是所有的控件路径都返回值
f:\计算数学\cavityscatteringlibrary\cavityscatteringalgorithm\inhomogeneoussingalcavity.cpp(1107): warning C4715: “InhomogeneousSingalCavity::weak1_int”: 不是所有的控件路径都返回值
f:\计算数学\cavityscatteringlibrary\cavityscatteringalgorithm\inhomogeneoussingalcavity.cpp(1205): warning C4715: “InhomogeneousSingalCavity::weak3_int”: 不是所有的控件路径都返回值
f:\计算数学\cavityscatteringlibrary\cavityscatteringalgorithm\inhomogeneoussingalcavity.cpp(1435): warning C4715: “InhomogeneousSingalCavity::fInt_f”: 不是所有的控件路径都返回值
f:\计算数学\cavityscatteringlibrary\cavityscatteringalgorithm\inhomogeneoussingalcavity.cpp(1528): warning C4715: “InhomogeneousSingalCavity::fInt_int”: 不是所有的控件路径都返回值
f:\计算数学\cavityscatteringlibrary\cavityscatteringalgorithm\inhomogeneoussingalcavity.cpp(2319): warning C4715: “InhomogeneousSingalCavity::tri”: 不是所有的控件路径都返回值
f:\计算数学\cavityscatteringlibrary\cavityscatteringalgorithm\inhomogeneoussingalcavity.cpp(3144): warning C4715: “InhomogeneousSingalCavity::value”: 不是所有的控件路径都返回值
f:\计算数学\cavityscatteringlibrary\cavityscatteringalgorithm\inhomogeneoussingalcavity.cpp(3479): warning C4715: “InhomogeneousSingalCavity::solveweak4”: 不是所有的控件路径都返回值
f:\计算数学\cavityscatteringlibrary\cavityscatteringalgorithm\inhomogeneousthreecavity.cpp(113): warning C4715: “InhomogeneousThreeCavity::Solve”: 不是所有的控件路径都返回值
f:\计算数学\cavityscatteringlibrary\cavityscatteringalgorithm\inhomogeneousthreecavity.cpp(1025): warning C4715: “InhomogeneousThreeCavity::weak_int”: 不是所有的控件路径都返回值
f:\计算数学\cavityscatteringlibrary\cavityscatteringalgorithm\inhomogeneousthreecavity.cpp(1121): warning C4715: “InhomogeneousThreeCavity::weak1_int”: 不是所有的控件路径都返回值
f:\计算数学\cavityscatteringlibrary\cavityscatteringalgorithm\inhomogeneousthreecavity.cpp(1219): warning C4715: “InhomogeneousThreeCavity::weak3_int”: 不是所有的控件路径都返回值
f:\计算数学\cavityscatteringlibrary\cavityscatteringalgorithm\inhomogeneousthreecavity.cpp(1593): warning C4715: “InhomogeneousThreeCavity::fInt_f”: 不是所有的控件路径都返回值
f:\计算数学\cavityscatteringlibrary\cavityscatteringalgorithm\inhomogeneousthreecavity.cpp(1686): warning C4715: “InhomogeneousThreeCavity::fInt_int”: 不是所有的控件路径都返回值
f:\计算数学\cavityscatteringlibrary\cavityscatteringalgorithm\inhomogeneousthreecavity.cpp(2418): warning C4715: “InhomogeneousThreeCavity::tri”: 不是所有的控件路径都返回值
f:\计算数学\cavityscatteringlibrary\cavityscatteringalgorithm\inhomogeneousthreecavity.cpp(3243): warning C4715: “InhomogeneousThreeCavity::value”: 不是所有的控件路径都返回值
f:\计算数学\cavityscatteringlibrary\cavityscatteringalgorithm\inhomogeneousthreecavity.cpp(3578): warning C4715: “InhomogeneousThreeCavity::solveweak4”: 不是所有的控件路径都返回值
f:\计算数学\cavityscatteringlibrary\cavityscatteringalgorithm\singalcavity.cpp(92): warning C4715: “SingalCavity::Solve”: 不是所有的控件路径都返回值
    正在创建库 F:\计算数学\CavityScatteringLibrary\x64\Debug\CavityScatteringAlgorithm.lib 和对象 F:\计算数学\CavityScatteringLibrary\x64\Debug\CavityScatteringAlgorithm.exp
  CavityScatteringAlgorithm.vcxproj -> F:\计算数学\CavityScatteringLibrary\x64\Debug\CavityScatteringAlgorithm.dll
  CavityScatteringAlgorithm.vcxproj -> F:\计算数学\CavityScatteringLibrary\x64\Debug\CavityScatteringAlgorithm.pdb (Full PDB)
